<!DOCTYPE html>
<html>
<head>
<meta http-equiv="Content-Type" content="text/html; charset=utf-8"/>
<meta http-equiv="x-ua-compatible" content="IE=edge"/>
<title>Test results - Class org.springframework.beans.factory.support.QualifierAnnotationAutowireContextTests</title>
<link href="../css/base-style.css" rel="stylesheet" type="text/css"/>
<link href="../css/style.css" rel="stylesheet" type="text/css"/>
<script src="../js/report.js" type="text/javascript"></script>
</head>
<body>
<div id="content">
<h1>Class org.springframework.beans.factory.support.QualifierAnnotationAutowireContextTests</h1>
<div class="breadcrumbs">
<a href="../index.html">all</a> &gt; 
<a href="../packages/org.springframework.beans.factory.support.html">org.springframework.beans.factory.support</a> &gt; QualifierAnnotationAutowireContextTests</div>
<div id="summary">
<table>
<tr>
<td>
<div class="summaryGroup">
<table>
<tr>
<td>
<div class="infoBox" id="tests">
<div class="counter">25</div>
<p>tests</p>
</div>
</td>
<td>
<div class="infoBox" id="failures">
<div class="counter">0</div>
<p>failures</p>
</div>
</td>
<td>
<div class="infoBox" id="ignored">
<div class="counter">0</div>
<p>ignored</p>
</div>
</td>
<td>
<div class="infoBox" id="duration">
<div class="counter">0.086s</div>
<p>duration</p>
</div>
</td>
</tr>
</table>
</div>
</td>
<td>
<div class="infoBox success" id="successRate">
<div class="percent">100%</div>
<p>successful</p>
</div>
</td>
</tr>
</table>
</div>
<div id="tabs">
<ul class="tabLinks">
<li>
<a href="#tab0">Tests</a>
</li>
<li>
<a href="#tab1">Standard output</a>
</li>
</ul>
<div id="tab0" class="tab">
<h2>Tests</h2>
<table>
<thead>
<tr>
<th>Test</th>
<th>Duration</th>
<th>Result</th>
</tr>
</thead>
<tr>
<td class="success">autowiredConstructorArgumentResolvesQualifiedCandidate</td>
<td>0.006s</td>
<td class="success">passed</td>
</tr>
<tr>
<td class="success">autowiredConstructorArgumentWithMultipleNonQualifiedCandidates</td>
<td>0.002s</td>
<td class="success">passed</td>
</tr>
<tr>
<td class="success">autowiredConstructorArgumentWithSingleNonQualifiedCandidate</td>
<td>0.002s</td>
<td class="success">passed</td>
</tr>
<tr>
<td class="success">autowiredConstructorArgumentWithSingleQualifiedCandidate</td>
<td>0.002s</td>
<td class="success">passed</td>
</tr>
<tr>
<td class="success">autowiredFieldDoesNotResolveCandidateWithDefaultValueAndConflictingValueOnBeanDefinition</td>
<td>0.001s</td>
<td class="success">passed</td>
</tr>
<tr>
<td class="success">autowiredFieldDoesNotResolveWithBaseQualifierAndNonDefaultValueAndMultipleMatchingCandidates</td>
<td>0.002s</td>
<td class="success">passed</td>
</tr>
<tr>
<td class="success">autowiredFieldDoesNotResolveWithMultipleQualifierValuesAndConflictingDefaultValue</td>
<td>0.004s</td>
<td class="success">passed</td>
</tr>
<tr>
<td class="success">autowiredFieldDoesNotResolveWithMultipleQualifierValuesAndMultipleMatchingCandidates</td>
<td>0.002s</td>
<td class="success">passed</td>
</tr>
<tr>
<td class="success">autowiredFieldResolvesMetaQualifiedCandidate</td>
<td>0.006s</td>
<td class="success">passed</td>
</tr>
<tr>
<td class="success">autowiredFieldResolvesQualifiedCandidate</td>
<td>0.004s</td>
<td class="success">passed</td>
</tr>
<tr>
<td class="success">autowiredFieldResolvesQualifiedCandidateWithDefaultValueAndNoValueOnBeanDefinition</td>
<td>0.004s</td>
<td class="success">passed</td>
</tr>
<tr>
<td class="success">autowiredFieldResolvesWithBaseQualifierAndDefaultValue</td>
<td>0.004s</td>
<td class="success">passed</td>
</tr>
<tr>
<td class="success">autowiredFieldResolvesWithBaseQualifierAndNonDefaultValue</td>
<td>0.010s</td>
<td class="success">passed</td>
</tr>
<tr>
<td class="success">autowiredFieldResolvesWithDefaultValueAndExplicitDefaultValueOnBeanDefinition</td>
<td>0.003s</td>
<td class="success">passed</td>
</tr>
<tr>
<td class="success">autowiredFieldResolvesWithMultipleQualifierValues</td>
<td>0.002s</td>
<td class="success">passed</td>
</tr>
<tr>
<td class="success">autowiredFieldResolvesWithMultipleQualifierValuesAndExplicitDefaultValue</td>
<td>0.003s</td>
<td class="success">passed</td>
</tr>
<tr>
<td class="success">autowiredFieldWithMultipleNonQualifiedCandidates</td>
<td>0.001s</td>
<td class="success">passed</td>
</tr>
<tr>
<td class="success">autowiredFieldWithSingleNonQualifiedCandidate</td>
<td>0.001s</td>
<td class="success">passed</td>
</tr>
<tr>
<td class="success">autowiredFieldWithSingleQualifiedCandidate</td>
<td>0.003s</td>
<td class="success">passed</td>
</tr>
<tr>
<td class="success">autowiredMethodParameterResolvesQualifiedCandidate</td>
<td>0.002s</td>
<td class="success">passed</td>
</tr>
<tr>
<td class="success">autowiredMethodParameterWithMultipleNonQualifiedCandidates</td>
<td>0.003s</td>
<td class="success">passed</td>
</tr>
<tr>
<td class="success">autowiredMethodParameterWithSingleNonQualifiedCandidate</td>
<td>0.003s</td>
<td class="success">passed</td>
</tr>
<tr>
<td class="success">autowiredMethodParameterWithSingleQualifiedCandidate</td>
<td>0.002s</td>
<td class="success">passed</td>
</tr>
<tr>
<td class="success">autowiredMethodParameterWithStaticallyQualifiedCandidate</td>
<td>0.008s</td>
<td class="success">passed</td>
</tr>
<tr>
<td class="success">autowiredMethodParameterWithStaticallyQualifiedCandidateAmongOthers</td>
<td>0.006s</td>
<td class="success">passed</td>
</tr>
</table>
</div>
<div id="tab1" class="tab">
<h2>Standard output</h2>
<span class="code">
<pre>18:47:05.826 [Test worker] WARN  org.springframework.context.support.GenericApplicationContext - Exception encountered during context initialization - cancelling refresh attempt: org.springframework.beans.factory.UnsatisfiedDependencyException: Error creating bean with name 'autowired': Unsatisfied dependency expressed through constructor parameter 0; nested exception is org.springframework.beans.factory.NoSuchBeanDefinitionException: No qualifying bean of type 'org.springframework.beans.factory.support.QualifierAnnotationAutowireContextTests$Person' available: expected at least 1 bean which qualifies as autowire candidate. Dependency annotations: {@org.springframework.beans.factory.support.QualifierAnnotationAutowireContextTests$TestQualifier()}
18:47:05.830 [Test worker] WARN  org.springframework.context.support.GenericApplicationContext - Exception encountered during context initialization - cancelling refresh attempt: org.springframework.beans.factory.UnsatisfiedDependencyException: Error creating bean with name 'autowired': Unsatisfied dependency expressed through field 'person'; nested exception is org.springframework.beans.factory.NoSuchBeanDefinitionException: No qualifying bean of type 'org.springframework.beans.factory.support.QualifierAnnotationAutowireContextTests$Person' available: expected at least 1 bean which qualifies as autowire candidate. Dependency annotations: {@org.springframework.beans.factory.annotation.Autowired(required=true), @org.springframework.beans.factory.support.QualifierAnnotationAutowireContextTests$TestQualifierWithMultipleAttributes(value=default, number=123)}
18:47:05.831 [Test worker] WARN  org.springframework.context.support.GenericApplicationContext - Exception encountered during context initialization - cancelling refresh attempt: org.springframework.beans.factory.UnsatisfiedDependencyException: Error creating bean with name 'autowired': Unsatisfied dependency expressed through constructor parameter 0; nested exception is org.springframework.beans.factory.NoSuchBeanDefinitionException: No qualifying bean of type 'org.springframework.beans.factory.support.QualifierAnnotationAutowireContextTests$Person' available: expected at least 1 bean which qualifies as autowire candidate. Dependency annotations: {@org.springframework.beans.factory.support.QualifierAnnotationAutowireContextTests$TestQualifier()}
18:47:05.835 [Test worker] WARN  org.springframework.context.support.GenericApplicationContext - Exception encountered during context initialization - cancelling refresh attempt: org.springframework.beans.factory.UnsatisfiedDependencyException: Error creating bean with name 'autowired': Unsatisfied dependency expressed through method 'setPerson' parameter 0; nested exception is org.springframework.beans.factory.NoSuchBeanDefinitionException: No qualifying bean of type 'org.springframework.beans.factory.support.QualifierAnnotationAutowireContextTests$Person' available: expected at least 1 bean which qualifies as autowire candidate. Dependency annotations: {@org.springframework.beans.factory.support.QualifierAnnotationAutowireContextTests$TestQualifier()}
18:47:05.847 [Test worker] WARN  org.springframework.context.support.GenericApplicationContext - Exception encountered during context initialization - cancelling refresh attempt: org.springframework.beans.factory.UnsatisfiedDependencyException: Error creating bean with name 'autowired': Unsatisfied dependency expressed through method 'setPerson' parameter 0; nested exception is org.springframework.beans.factory.NoSuchBeanDefinitionException: No qualifying bean of type 'org.springframework.beans.factory.support.QualifierAnnotationAutowireContextTests$Person' available: expected at least 1 bean which qualifies as autowire candidate. Dependency annotations: {@org.springframework.beans.factory.support.QualifierAnnotationAutowireContextTests$TestQualifier()}
18:47:05.861 [Test worker] WARN  org.springframework.context.support.GenericApplicationContext - Exception encountered during context initialization - cancelling refresh attempt: org.springframework.beans.factory.UnsatisfiedDependencyException: Error creating bean with name 'autowired': Unsatisfied dependency expressed through constructor parameter 0; nested exception is org.springframework.beans.factory.NoUniqueBeanDefinitionException: No qualifying bean of type 'org.springframework.beans.factory.support.QualifierAnnotationAutowireContextTests$Person' available: expected single matching bean but found 2: juergen1,juergen2
18:47:05.873 [Test worker] WARN  org.springframework.context.support.GenericApplicationContext - Exception encountered during context initialization - cancelling refresh attempt: org.springframework.beans.factory.UnsatisfiedDependencyException: Error creating bean with name 'autowired': Unsatisfied dependency expressed through field 'person'; nested exception is org.springframework.beans.factory.NoSuchBeanDefinitionException: No qualifying bean of type 'org.springframework.beans.factory.support.QualifierAnnotationAutowireContextTests$Person' available: expected at least 1 bean which qualifies as autowire candidate. Dependency annotations: {@org.springframework.beans.factory.annotation.Autowired(required=true), @org.springframework.beans.factory.support.QualifierAnnotationAutowireContextTests$TestQualifier()}
18:47:05.882 [Test worker] WARN  org.springframework.context.support.GenericApplicationContext - Exception encountered during context initialization - cancelling refresh attempt: org.springframework.beans.factory.UnsatisfiedDependencyException: Error creating bean with name 'autowired': Unsatisfied dependency expressed through field 'person'; nested exception is org.springframework.beans.factory.NoSuchBeanDefinitionException: No qualifying bean of type 'org.springframework.beans.factory.support.QualifierAnnotationAutowireContextTests$Person' available: expected at least 1 bean which qualifies as autowire candidate. Dependency annotations: {@org.springframework.beans.factory.annotation.Autowired(required=true), @org.springframework.beans.factory.support.QualifierAnnotationAutowireContextTests$TestQualifierWithDefaultValue(value=default)}
18:47:05.884 [Test worker] WARN  org.springframework.context.support.GenericApplicationContext - Exception encountered during context initialization - cancelling refresh attempt: org.springframework.beans.factory.UnsatisfiedDependencyException: Error creating bean with name 'autowired': Unsatisfied dependency expressed through field 'person'; nested exception is org.springframework.beans.factory.NoUniqueBeanDefinitionException: No qualifying bean of type 'org.springframework.beans.factory.support.QualifierAnnotationAutowireContextTests$Person' available: expected single matching bean but found 2: juergen,mark
18:47:05.887 [Test worker] WARN  org.springframework.context.support.GenericApplicationContext - Exception encountered during context initialization - cancelling refresh attempt: org.springframework.beans.factory.UnsatisfiedDependencyException: Error creating bean with name 'autowired': Unsatisfied dependency expressed through field 'person'; nested exception is org.springframework.beans.factory.NoSuchBeanDefinitionException: No qualifying bean of type 'org.springframework.beans.factory.support.QualifierAnnotationAutowireContextTests$Person' available: expected at least 1 bean which qualifies as autowire candidate. Dependency annotations: {@org.springframework.beans.factory.annotation.Autowired(required=true), @org.springframework.beans.factory.support.QualifierAnnotationAutowireContextTests$TestQualifier()}
</pre>
</span>
</div>
</div>
<div id="footer">
<p>
<div>
<label class="hidden" id="label-for-line-wrapping-toggle" for="line-wrapping-toggle">Wrap lines
<input id="line-wrapping-toggle" type="checkbox" autocomplete="off"/>
</label>
</div>Generated by 
<a href="http://www.gradle.org">Gradle 4.4.1</a> at 2021-3-19 18:47:08</p>
</div>
</div>
</body>
</html>
