<?xml version="1.0" encoding="UTF-8"?>
<testsuite name="org.springframework.beans.factory.annotation.AutowiredAnnotationBeanPostProcessorTests" tests="101" skipped="1" failures="0" errors="0" timestamp="2021-03-19T10:45:01" hostname="Dream.local" time="0.283">
  <properties/>
  <testcase name="testOptionalCollectionResourceInjection" classname="org.springframework.beans.factory.annotation.AutowiredAnnotationBeanPostProcessorTests" time="0.012"/>
  <testcase name="testSingleConstructorInjectionWithEmptyCollectionAsNull" classname="org.springframework.beans.factory.annotation.AutowiredAnnotationBeanPostProcessorTests" time="0.016"/>
  <testcase name="testSelfReferenceCollectionWithOther" classname="org.springframework.beans.factory.annotation.AutowiredAnnotationBeanPostProcessorTests" time="0.006"/>
  <testcase name="testCustomAnnotationRequiredMethodResourceInjection" classname="org.springframework.beans.factory.annotation.AutowiredAnnotationBeanPostProcessorTests" time="0.004"/>
  <testcase name="testResourceInjection" classname="org.springframework.beans.factory.annotation.AutowiredAnnotationBeanPostProcessorTests" time="0.001"/>
  <testcase name="testObjectProviderInjectionWithTargetNotUnique" classname="org.springframework.beans.factory.annotation.AutowiredAnnotationBeanPostProcessorTests" time="0.004"/>
  <testcase name="testGenericsBasedConstructorInjectionWithMixedTargetsIncludingNonGeneric" classname="org.springframework.beans.factory.annotation.AutowiredAnnotationBeanPostProcessorTests" time="0.004"/>
  <testcase name="testConstructorResourceInjectionWithMultipleCandidatesAndFallback" classname="org.springframework.beans.factory.annotation.AutowiredAnnotationBeanPostProcessorTests" time="0.003"/>
  <testcase name="testSingleConstructorWithProvidedArgument" classname="org.springframework.beans.factory.annotation.AutowiredAnnotationBeanPostProcessorTests" time="0.002"/>
  <testcase name="testSingleConstructorInjectionWithMissingDependency" classname="org.springframework.beans.factory.annotation.AutowiredAnnotationBeanPostProcessorTests" time="0.0"/>
  <testcase name="testGenericsBasedFieldInjection" classname="org.springframework.beans.factory.annotation.AutowiredAnnotationBeanPostProcessorTests" time="0.005"/>
  <testcase name="testExtendedResourceInjection" classname="org.springframework.beans.factory.annotation.AutowiredAnnotationBeanPostProcessorTests" time="0.006"/>
  <testcase name="testCustomAnnotationRequiredMethodResourceInjectionFailsWhenMultipleDependenciesFound" classname="org.springframework.beans.factory.annotation.AutowiredAnnotationBeanPostProcessorTests" time="0.001"/>
  <testcase name="testMethodInjectionWithMapAndNoMatches" classname="org.springframework.beans.factory.annotation.AutowiredAnnotationBeanPostProcessorTests" time="0.001"/>
  <testcase name="testCustomAnnotationRequiredFieldResourceInjectionFailsWhenMultipleDependenciesFound" classname="org.springframework.beans.factory.annotation.AutowiredAnnotationBeanPostProcessorTests" time="0.002"/>
  <testcase name="testCustomAnnotationOptionalMethodResourceInjection" classname="org.springframework.beans.factory.annotation.AutowiredAnnotationBeanPostProcessorTests" time="0.002"/>
  <testcase name="testConstructorInjectionWithCustomSetAsBean" classname="org.springframework.beans.factory.annotation.AutowiredAnnotationBeanPostProcessorTests" time="0.006"/>
  <testcase name="testGenericsBasedFieldInjectionWithSimpleMatch" classname="org.springframework.beans.factory.annotation.AutowiredAnnotationBeanPostProcessorTests" time="0.005"/>
  <testcase name="testFactoryBeanSelfInjectionViaFactoryMethod" classname="org.springframework.beans.factory.annotation.AutowiredAnnotationBeanPostProcessorTests" time="0.003"/>
  <testcase name="testExtendedResourceInjectionWithOverriding" classname="org.springframework.beans.factory.annotation.AutowiredAnnotationBeanPostProcessorTests" time="0.001"/>
  <testcase name="testObjectFactoryFieldInjection" classname="org.springframework.beans.factory.annotation.AutowiredAnnotationBeanPostProcessorTests" time="0.004"/>
  <testcase name="testConstructorResourceInjectionWithNullFromFactoryBean" classname="org.springframework.beans.factory.annotation.AutowiredAnnotationBeanPostProcessorTests" time="0.006"/>
  <testcase name="testMethodInjectionWithMapAndMultipleMatches" classname="org.springframework.beans.factory.annotation.AutowiredAnnotationBeanPostProcessorTests" time="0.0"/>
  <testcase name="testExtendedResourceInjectionWithDefaultMethod" classname="org.springframework.beans.factory.annotation.AutowiredAnnotationBeanPostProcessorTests" time="0.005"/>
  <testcase name="testConstructorInjectionWithCustomMapAsBean" classname="org.springframework.beans.factory.annotation.AutowiredAnnotationBeanPostProcessorTests" time="0.008"/>
  <testcase name="testCustomAnnotationRequiredMethodResourceInjectionFailsWhenNoDependencyFound" classname="org.springframework.beans.factory.annotation.AutowiredAnnotationBeanPostProcessorTests" time="0.001"/>
  <testcase name="testConstructorResourceInjectionWithMultipleOrderedCandidates" classname="org.springframework.beans.factory.annotation.AutowiredAnnotationBeanPostProcessorTests" time="0.002"/>
  <testcase name="testGenericsBasedConstructorInjectionWithNonTypedTarget" classname="org.springframework.beans.factory.annotation.AutowiredAnnotationBeanPostProcessorTests" time="0.001"/>
  <testcase name="testBeanAutowiredWithFactoryBean" classname="org.springframework.beans.factory.annotation.AutowiredAnnotationBeanPostProcessorTests" time="0.001"/>
  <testcase name="testExtendedResourceInjectionWithAtRequired" classname="org.springframework.beans.factory.annotation.AutowiredAnnotationBeanPostProcessorTests" time="0.001"/>
  <testcase name="testExtendedResourceInjectionWithSkippedOverriddenMethods" classname="org.springframework.beans.factory.annotation.AutowiredAnnotationBeanPostProcessorTests" time="0.002"/>
  <testcase name="testSelfReferenceWithOther" classname="org.springframework.beans.factory.annotation.AutowiredAnnotationBeanPostProcessorTests" time="0.002"/>
  <testcase name="testCircularTypeReference" classname="org.springframework.beans.factory.annotation.AutowiredAnnotationBeanPostProcessorTests" time="0.005"/>
  <testcase name="testCustomAnnotationOptionalMethodResourceInjectionWhenNoDependencyFound" classname="org.springframework.beans.factory.annotation.AutowiredAnnotationBeanPostProcessorTests" time="0.0"/>
  <testcase name="testGenericsBasedFactoryBeanInjectionWithSingletonBean" classname="org.springframework.beans.factory.annotation.AutowiredAnnotationBeanPostProcessorTests" time="0.002"/>
  <testcase name="testConstructorInjectionWithPlainSetAsBean" classname="org.springframework.beans.factory.annotation.AutowiredAnnotationBeanPostProcessorTests" time="0.002"/>
  <testcase name="testGenericsBasedFieldInjectionWithSimpleMatchAndMock" classname="org.springframework.beans.factory.annotation.AutowiredAnnotationBeanPostProcessorTests" time="0.008"/>
  <testcase name="testGenericsBasedMethodInjectionWithSubstitutedVariables" classname="org.springframework.beans.factory.annotation.AutowiredAnnotationBeanPostProcessorTests" time="0.01"/>
  <testcase name="testObjectFactoryConstructorInjection" classname="org.springframework.beans.factory.annotation.AutowiredAnnotationBeanPostProcessorTests" time="0.003"/>
  <testcase name="testOrderedResourceInjection" classname="org.springframework.beans.factory.annotation.AutowiredAnnotationBeanPostProcessorTests" time="0.004"/>
  <testcase name="testGenericsBasedInjectionIntoTypeVariableSelectingBestMatch" classname="org.springframework.beans.factory.annotation.AutowiredAnnotationBeanPostProcessorTests" time="0.006"/>
  <testcase name="testCustomAnnotationRequiredFieldResourceInjectionFailsWhenNoDependencyFound" classname="org.springframework.beans.factory.annotation.AutowiredAnnotationBeanPostProcessorTests" time="0.001"/>
  <testcase name="testConstructorResourceInjectionWithMultipleCandidates" classname="org.springframework.beans.factory.annotation.AutowiredAnnotationBeanPostProcessorTests" time="0.001"/>
  <testcase name="testSingleConstructorInjectionWithMultipleCandidatesAsOrderedCollection" classname="org.springframework.beans.factory.annotation.AutowiredAnnotationBeanPostProcessorTests" time="0.0"/>
  <testcase name="testGenericsBasedFactoryBeanInjectionWithBeanDefinition" classname="org.springframework.beans.factory.annotation.AutowiredAnnotationBeanPostProcessorTests" time="0.003"/>
  <testcase name="testGenericsBasedFieldInjectionWithQualifiers" classname="org.springframework.beans.factory.annotation.AutowiredAnnotationBeanPostProcessorTests" time="0.004"/>
  <testcase name="testObjectProviderInjectionWithTargetNotAvailable" classname="org.springframework.beans.factory.annotation.AutowiredAnnotationBeanPostProcessorTests" time="0.001"/>
  <testcase name="testSingleConstructorInjectionWithMultipleCandidatesAsRequiredVararg" classname="org.springframework.beans.factory.annotation.AutowiredAnnotationBeanPostProcessorTests" time="0.003"/>
  <testcase name="testConstructorInjectionWithPlainMapAsBean" classname="org.springframework.beans.factory.annotation.AutowiredAnnotationBeanPostProcessorTests" time="0.002"/>
  <testcase name="testCustomAnnotationOptionalMethodResourceInjectionWhenMultipleDependenciesFound" classname="org.springframework.beans.factory.annotation.AutowiredAnnotationBeanPostProcessorTests" time="0.001"/>
  <testcase name="testSelfReferenceCollection" classname="org.springframework.beans.factory.annotation.AutowiredAnnotationBeanPostProcessorTests" time="0.001"/>
  <testcase name="testCustomAnnotationOptionalFieldResourceInjectionWhenMultipleDependenciesFound" classname="org.springframework.beans.factory.annotation.AutowiredAnnotationBeanPostProcessorTests" time="0.002"/>
  <testcase name="testSelfReference" classname="org.springframework.beans.factory.annotation.AutowiredAnnotationBeanPostProcessorTests" time="0.0"/>
  <testcase name="testCustomAnnotationRequiredFieldResourceInjection" classname="org.springframework.beans.factory.annotation.AutowiredAnnotationBeanPostProcessorTests" time="0.001"/>
  <testcase name="testOptionalResourceInjection" classname="org.springframework.beans.factory.annotation.AutowiredAnnotationBeanPostProcessorTests" time="0.001"/>
  <testcase name="testAnnotationOrderedCollectionResourceInjection" classname="org.springframework.beans.factory.annotation.AutowiredAnnotationBeanPostProcessorTests" time="0.001"/>
  <testcase name="testFactoryBeanSelfInjection" classname="org.springframework.beans.factory.annotation.AutowiredAnnotationBeanPostProcessorTests" time="0.001"/>
  <testcase name="testCustomAnnotationOptionalFieldResourceInjectionWhenNoDependencyFound" classname="org.springframework.beans.factory.annotation.AutowiredAnnotationBeanPostProcessorTests" time="0.0"/>
  <testcase name="testObjectFactoryInjectionIntoPrototypeBean" classname="org.springframework.beans.factory.annotation.AutowiredAnnotationBeanPostProcessorTests" time="0.002"/>
  <testcase name="testObjectFactorySerialization" classname="org.springframework.beans.factory.annotation.AutowiredAnnotationBeanPostProcessorTests" time="0.002"/>
  <testcase name="testObjectProviderInjectionWithSingletonTarget" classname="org.springframework.beans.factory.annotation.AutowiredAnnotationBeanPostProcessorTests" time="0.002"/>
  <testcase name="testConstructorInjectionWithTypedSetAsBean" classname="org.springframework.beans.factory.annotation.AutowiredAnnotationBeanPostProcessorTests" time="0.001"/>
  <testcase name="testBridgeMethodHandling" classname="org.springframework.beans.factory.annotation.AutowiredAnnotationBeanPostProcessorTests" time="0.004"/>
  <testcase name="testObjectFactoryQualifierProviderInjection" classname="org.springframework.beans.factory.annotation.AutowiredAnnotationBeanPostProcessorTests" time="0.003"/>
  <testcase name="testMethodInjectionWithMapAndMultipleMatchesButOnlyOneAutowireCandidate" classname="org.springframework.beans.factory.annotation.AutowiredAnnotationBeanPostProcessorTests" time="0.002"/>
  <testcase name="testGenericsBasedConstructorInjection" classname="org.springframework.beans.factory.annotation.AutowiredAnnotationBeanPostProcessorTests" time="0.001"/>
  <testcase name="testGenericsBasedConstructorInjectionWithNonGenericTarget" classname="org.springframework.beans.factory.annotation.AutowiredAnnotationBeanPostProcessorTests" time="0.002"/>
  <testcase name="testIncompleteBeanDefinition" classname="org.springframework.beans.factory.annotation.AutowiredAnnotationBeanPostProcessorTests" time="0.0"/>
  <testcase name="testConstructorInjectionWithTypedMapAsBean" classname="org.springframework.beans.factory.annotation.AutowiredAnnotationBeanPostProcessorTests" time="0.001"/>
  <testcase name="testAnnotatedDefaultConstructor" classname="org.springframework.beans.factory.annotation.AutowiredAnnotationBeanPostProcessorTests" time="0.002"/>
  <testcase name="testGenericsBasedInjectionWithBeanDefinitionTargetResolvableType" classname="org.springframework.beans.factory.annotation.AutowiredAnnotationBeanPostProcessorTests" time="0.003"/>
  <testcase name="testGenericsBasedConstructorInjectionWithMixedTargets" classname="org.springframework.beans.factory.annotation.AutowiredAnnotationBeanPostProcessorTests" time="0.002"/>
  <testcase name="testObjectFactoryQualifierInjection" classname="org.springframework.beans.factory.annotation.AutowiredAnnotationBeanPostProcessorTests" time="0.001"/>
  <testcase name="testGenericsBasedInjectionIntoUnresolvedTypeVariable" classname="org.springframework.beans.factory.annotation.AutowiredAnnotationBeanPostProcessorTests" time="0.001"/>
  <testcase name="testGenericsBasedFieldInjectionWithSubstitutedVariables" classname="org.springframework.beans.factory.annotation.AutowiredAnnotationBeanPostProcessorTests" time="0.005"/>
  <testcase name="testObjectProviderInjectionWithPrototype" classname="org.springframework.beans.factory.annotation.AutowiredAnnotationBeanPostProcessorTests" time="0.002"/>
  <testcase name="testGenericsBasedFieldInjectionWithMocks" classname="org.springframework.beans.factory.annotation.AutowiredAnnotationBeanPostProcessorTests" time="0.002"/>
  <testcase name="testConstructorInjectionWithMap" classname="org.springframework.beans.factory.annotation.AutowiredAnnotationBeanPostProcessorTests" time="0.001"/>
  <testcase name="testConstructorResourceInjectionWithNoCandidatesAndNoFallback" classname="org.springframework.beans.factory.annotation.AutowiredAnnotationBeanPostProcessorTests" time="0.0"/>
  <testcase name="testOrderedCollectionResourceInjection" classname="org.springframework.beans.factory.annotation.AutowiredAnnotationBeanPostProcessorTests" time="0.001"/>
  <testcase name="testOptionalCollectionResourceInjectionWithSingleElement" classname="org.springframework.beans.factory.annotation.AutowiredAnnotationBeanPostProcessorTests" time="0.002"/>
  <testcase name="testCustomAnnotationOptionalFieldResourceInjection" classname="org.springframework.beans.factory.annotation.AutowiredAnnotationBeanPostProcessorTests" time="0.0"/>
  <testcase name="testMethodInjectionWithMap" classname="org.springframework.beans.factory.annotation.AutowiredAnnotationBeanPostProcessorTests" time="0.001"/>
  <testcase name="testConstructorResourceInjection" classname="org.springframework.beans.factory.annotation.AutowiredAnnotationBeanPostProcessorTests" time="0.001"/>
  <testcase name="testConstructorResourceInjectionWithMultipleCandidatesAndDefaultFallback" classname="org.springframework.beans.factory.annotation.AutowiredAnnotationBeanPostProcessorTests" time="0.001"/>
  <testcase name="testExtendedResourceInjectionWithDestruction" classname="org.springframework.beans.factory.annotation.AutowiredAnnotationBeanPostProcessorTests" time="0.001"/>
  <testcase name="testConstructorResourceInjectionWithCollectionAndNullFromFactoryBean" classname="org.springframework.beans.factory.annotation.AutowiredAnnotationBeanPostProcessorTests" time="0.003"/>
  <testcase name="testGenericsBasedMethodInjection" classname="org.springframework.beans.factory.annotation.AutowiredAnnotationBeanPostProcessorTests" time="0.006"/>
  <testcase name="testGenericsBasedInjectionIntoMatchingTypeVariable" classname="org.springframework.beans.factory.annotation.AutowiredAnnotationBeanPostProcessorTests" time="0.001"/>
  <testcase name="testObjectProviderInjectionWithTargetPrimary" classname="org.springframework.beans.factory.annotation.AutowiredAnnotationBeanPostProcessorTests" time="0.001"/>
  <testcase name="testConstructorResourceInjectionWithMultipleCandidatesAsOrderedCollection" classname="org.springframework.beans.factory.annotation.AutowiredAnnotationBeanPostProcessorTests" time="0.001"/>
  <testcase name="testGenericsBasedFieldInjectionWithSimpleMatchAndMockito" classname="org.springframework.beans.factory.annotation.AutowiredAnnotationBeanPostProcessorTests" time="0.02"/>
  <testcase name="testSingleConstructorInjectionWithMultipleCandidatesAsRequiredCollection" classname="org.springframework.beans.factory.annotation.AutowiredAnnotationBeanPostProcessorTests" time="0.004"/>
  <testcase name="testOptionalResourceInjectionWithIncompleteDependencies" classname="org.springframework.beans.factory.annotation.AutowiredAnnotationBeanPostProcessorTests" time="0.001"/>
  <testcase name="testFieldInjectionWithMap" classname="org.springframework.beans.factory.annotation.AutowiredAnnotationBeanPostProcessorTests" time="0.003"/>
  <testcase name="testConstructorResourceInjectionWithNullFromFactoryMethod" classname="org.springframework.beans.factory.annotation.AutowiredAnnotationBeanPostProcessorTests" time="0.003"/>
  <testcase name="testConstructorResourceInjectionWithMultipleCandidatesAsCollection" classname="org.springframework.beans.factory.annotation.AutowiredAnnotationBeanPostProcessorTests" time="0.001"/>
  <testcase name="testGenericsBasedInjectionIntoTypeVariableSelectingBestMatchAgainstFactoryMethodSignature" classname="org.springframework.beans.factory.annotation.AutowiredAnnotationBeanPostProcessorTests" time="0.0">
    <skipped/>
  </testcase>
  <testcase name="testAnnotationOrderedResourceInjection" classname="org.springframework.beans.factory.annotation.AutowiredAnnotationBeanPostProcessorTests" time="0.002"/>
  <testcase name="testOptionalResourceInjectionWithNoDependencies" classname="org.springframework.beans.factory.annotation.AutowiredAnnotationBeanPostProcessorTests" time="0.0"/>
  <testcase name="testSingleConstructorInjectionWithNullDependency" classname="org.springframework.beans.factory.annotation.AutowiredAnnotationBeanPostProcessorTests" time="0.001"/>
  <system-out><![CDATA[18:45:01.771 [Test worker] WARN  org.springframework.beans.factory.annotation.AutowiredAnnotationBeanPostProcessor - Inconsistent constructor declaration on bean with name 'annotatedBean': single autowire-marked constructor flagged as optional - this constructor is effectively required since there is no default constructor to fall back to: public org.springframework.beans.factory.annotation.AutowiredAnnotationBeanPostProcessorTests$ConstructorWithoutFallbackBean(org.springframework.tests.sample.beans.ITestBean)
]]></system-out>
  <system-err><![CDATA[]]></system-err>
</testsuite>
