<?xml version="1.0" encoding="UTF-8"?>
<testsuite name="org.springframework.beans.factory.xml.SimplePropertyNamespaceHandlerTests" tests="4" skipped="0" failures="0" errors="0" timestamp="2021-03-19T02:33:15" hostname="Dream.local" time="0.017">
  <properties/>
  <testcase name="simpleBeanConfigured" classname="org.springframework.beans.factory.xml.SimplePropertyNamespaceHandlerTests" time="0.005"/>
  <testcase name="propertyWithNameEndingInRef" classname="org.springframework.beans.factory.xml.SimplePropertyNamespaceHandlerTests" time="0.004"/>
  <testcase name="withPropertyDefinedTwice" classname="org.springframework.beans.factory.xml.SimplePropertyNamespaceHandlerTests" time="0.004"/>
  <testcase name="innerBeanConfigured" classname="org.springframework.beans.factory.xml.SimplePropertyNamespaceHandlerTests" time="0.004"/>
  <system-out><![CDATA[]]></system-out>
  <system-err><![CDATA[]]></system-err>
</testsuite>
