<?xml version="1.0" encoding="UTF-8"?>
<testsuite name="org.springframework.beans.MutablePropertyValuesTests" tests="4" skipped="0" failures="0" errors="0" timestamp="2021-03-19T10:44:59" hostname="Dream.local" time="0.001">
  <properties/>
  <testcase name="testAddOrOverride" classname="org.springframework.beans.MutablePropertyValuesTests" time="0.001"/>
  <testcase name="testValid" classname="org.springframework.beans.MutablePropertyValuesTests" time="0.0"/>
  <testcase name="testChangesOnEquals" classname="org.springframework.beans.MutablePropertyValuesTests" time="0.0"/>
  <testcase name="testChangeOfOneField" classname="org.springframework.beans.MutablePropertyValuesTests" time="0.0"/>
  <system-out><![CDATA[]]></system-out>
  <system-err><![CDATA[]]></system-err>
</testsuite>
