<?xml version="1.0" encoding="UTF-8"?>
<testsuite name="org.springframework.jmx.export.NotificationListenerTests" tests="13" skipped="0" failures="0" errors="0" timestamp="2021-03-19T10:47:00" hostname="Dream.local" time="0.016">
  <properties/>
  <testcase name="testRegisterNotificationListenerWithTwoBeanNamesMappedToDifferentBeanInstances" classname="org.springframework.jmx.export.NotificationListenerTests" time="0.005"/>
  <testcase name="testRegisterNotificationListenerForMBean" classname="org.springframework.jmx.export.NotificationListenerTests" time="0.001"/>
  <testcase name="testNotificationListenerRegistrar" classname="org.springframework.jmx.export.NotificationListenerTests" time="0.003"/>
  <testcase name="testRegisterNotificationListenerWithWildcard" classname="org.springframework.jmx.export.NotificationListenerTests" time="0.001"/>
  <testcase name="testRegisterNotificationListenerWithFilter" classname="org.springframework.jmx.export.NotificationListenerTests" time="0.001"/>
  <testcase name="testRegisterNotificationListenerWithBeanNameAndBeanNameInBeansMap" classname="org.springframework.jmx.export.NotificationListenerTests" time="0.001"/>
  <testcase name="testCreationWithNoNotificationListenerSet" classname="org.springframework.jmx.export.NotificationListenerTests" time="0.0"/>
  <testcase name="testRegisterNotificationListenerWithHandback" classname="org.springframework.jmx.export.NotificationListenerTests" time="0.001"/>
  <testcase name="testRegisterNotificationListenerWithObjectNameBeforeBeanNameMappedToSameBeanInstance" classname="org.springframework.jmx.export.NotificationListenerTests" time="0.0"/>
  <testcase name="testRegisterNotificationListenerForAllMBeans" classname="org.springframework.jmx.export.NotificationListenerTests" time="0.001"/>
  <testcase name="testRegisterNotificationListenerWithBeanNameAndBeanInstanceInBeansMap" classname="org.springframework.jmx.export.NotificationListenerTests" time="0.0"/>
  <testcase name="testNotificationListenerRegistrarWithMultipleNames" classname="org.springframework.jmx.export.NotificationListenerTests" time="0.001"/>
  <testcase name="testRegisterNotificationListenerWithBeanNameBeforeObjectNameMappedToSameBeanInstance" classname="org.springframework.jmx.export.NotificationListenerTests" time="0.001"/>
  <system-out><![CDATA[]]></system-out>
  <system-err><![CDATA[]]></system-err>
</testsuite>
