<?xml version="1.0" encoding="UTF-8"?>
<testsuite name="org.springframework.aop.target.CommonsPool2TargetSourceTests" tests="9" skipped="0" failures="0" errors="0" timestamp="2021-03-19T02:34:54" hostname="Dream.local" time="0.05">
  <properties/>
  <testcase name="testHitMaxSize" classname="org.springframework.aop.target.CommonsPool2TargetSourceTests" time="0.004"/>
  <testcase name="testHitMaxSizeLoadedFromContext" classname="org.springframework.aop.target.CommonsPool2TargetSourceTests" time="0.005"/>
  <testcase name="testSetWhenExhaustedAction" classname="org.springframework.aop.target.CommonsPool2TargetSourceTests" time="0.002"/>
  <testcase name="testConfigMixin" classname="org.springframework.aop.target.CommonsPool2TargetSourceTests" time="0.009"/>
  <testcase name="testTargetSourceSerializableWithoutConfigMixin" classname="org.springframework.aop.target.CommonsPool2TargetSourceTests" time="0.004"/>
  <testcase name="testFunctionality" classname="org.springframework.aop.target.CommonsPool2TargetSourceTests" time="0.009"/>
  <testcase name="referenceIdentityByDefault" classname="org.springframework.aop.target.CommonsPool2TargetSourceTests" time="0.003"/>
  <testcase name="testFunctionalityWithNoInterceptors" classname="org.springframework.aop.target.CommonsPool2TargetSourceTests" time="0.008"/>
  <testcase name="testProxySerializableWithoutConfigMixin" classname="org.springframework.aop.target.CommonsPool2TargetSourceTests" time="0.004"/>
  <system-out><![CDATA[0
1
2
3
4
5
6
7
8
9
]]></system-out>
  <system-err><![CDATA[]]></system-err>
</testsuite>
