<?xml version="1.0" encoding="UTF-8"?>
<testsuite name="org.springframework.context.annotation.configuration.PackagePrivateBeanMethodInheritanceTests" tests="2" skipped="0" failures="0" errors="0" timestamp="2021-03-19T10:46:21" hostname="Dream.local" time="0.029">
  <properties/>
  <testcase name="workaround" classname="org.springframework.context.annotation.configuration.PackagePrivateBeanMethodInheritanceTests" time="0.017"/>
  <testcase name="repro" classname="org.springframework.context.annotation.configuration.PackagePrivateBeanMethodInheritanceTests" time="0.011"/>
  <system-out><![CDATA[]]></system-out>
  <system-err><![CDATA[]]></system-err>
</testsuite>
