<?xml version="1.0" encoding="UTF-8"?>
<testsuite name="org.springframework.util.xml.StaxResultTests" tests="2" skipped="0" failures="0" errors="0" timestamp="2021-03-19T02:33:28" hostname="Dream.local" time="0.005">
  <properties/>
  <testcase name="eventWriterSource" classname="org.springframework.util.xml.StaxResultTests" time="0.003"/>
  <testcase name="streamWriterSource" classname="org.springframework.util.xml.StaxResultTests" time="0.002"/>
  <system-out><![CDATA[]]></system-out>
  <system-err><![CDATA[]]></system-err>
</testsuite>
