<?xml version="1.0" encoding="UTF-8"?>
<testsuite name="org.springframework.core.io.support.EncodedResourceTests" tests="6" skipped="0" failures="0" errors="0" timestamp="2021-03-19T02:33:22" hostname="Dream.local" time="0.001">
  <properties/>
  <testcase name="equalsWithDifferentCharset" classname="org.springframework.core.io.support.EncodedResourceTests" time="0.0"/>
  <testcase name="equalsWithNullOtherObject" classname="org.springframework.core.io.support.EncodedResourceTests" time="0.0"/>
  <testcase name="equalsWithSameCharset" classname="org.springframework.core.io.support.EncodedResourceTests" time="0.0"/>
  <testcase name="equalsWithDifferentEncoding" classname="org.springframework.core.io.support.EncodedResourceTests" time="0.0"/>
  <testcase name="equalsWithSameEncoding" classname="org.springframework.core.io.support.EncodedResourceTests" time="0.0"/>
  <testcase name="equalsWithEncodingAndCharset" classname="org.springframework.core.io.support.EncodedResourceTests" time="0.0"/>
  <system-out><![CDATA[]]></system-out>
  <system-err><![CDATA[]]></system-err>
</testsuite>
